c:\users\320090368\onedrive - philips\desktop\vs2015\project\visitcase\sender\debug\vc140.pdb
c:\users\320090368\onedrive - philips\desktop\vs2015\project\visitcase\sender\debug\vc140.idb
c:\users\320090368\onedrive - philips\desktop\vs2015\project\visitcase\sender\debug\csvread.obj
c:\users\320090368\onedrive - philips\desktop\vs2015\project\visitcase\sender\debug\csvcheckerandupdater.obj
c:\users\320090368\onedrive - philips\desktop\vs2015\project\visitcase\sender\debug\main.obj
c:\users\320090368\onedrive - philips\desktop\vs2015\project\visitcase\sender\debug\converter.obj
c:\bootcampstuff\visit-case-s1b6\visitcase\sender\debug\vc140.pdb
c:\bootcampstuff\visit-case-s1b6\visitcase\sender\debug\vc140.idb
c:\bootcampstuff\visit-case-s1b6\visitcase\sender\debug\main.obj
c:\bootcampstuff\visit-case-s1b6\visitcase\sender\debug\csvcheckerandupdater.obj
c:\bootcampstuff\visit-case-s1b6\visitcase\sender\debug\converter.obj
c:\bootcampstuff\visit-case-s1b6\visitcase\sender\debug\010-testcase.obj
c:\users\320090368\onedrive - philips\desktop\vs2015\project\visitcase\debug\sender.ilk
c:\users\320090368\onedrive - philips\desktop\vs2015\project\visitcase\debug\sender.exe
c:\users\320090368\onedrive - philips\desktop\vs2015\project\visitcase\debug\sender.pdb
c:\bootcampstuff\visit-case-s1b6\visitcase\debug\sender.ilk
c:\bootcampstuff\visit-case-s1b6\visitcase\debug\sender.exe
c:\bootcampstuff\visit-case-s1b6\visitcase\debug\sender.pdb
c:\bootcampstuff\visit-case-s1b6\visitcase\sender\debug\csvread.obj
c:\bootcampstuff\visit-case-s1b6\visitcase\sender\debug\sender.tlog\cl.10032.write.1.tlog
c:\bootcampstuff\visit-case-s1b6\visitcase\sender\debug\sender.tlog\cl.command.1.tlog
c:\bootcampstuff\visit-case-s1b6\visitcase\sender\debug\sender.tlog\cl.read.1.tlog
c:\bootcampstuff\visit-case-s1b6\visitcase\sender\debug\sender.tlog\link.1032.10004-cvtres.write.1.tlog
c:\bootcampstuff\visit-case-s1b6\visitcase\sender\debug\sender.tlog\link.command.1.tlog
c:\bootcampstuff\visit-case-s1b6\visitcase\sender\debug\sender.tlog\link.read.1.tlog
