  main.cpp
  Aggregations.cpp
c:\bootcampstuff\visit-case-s1b6\visitcase\jsoncons-0.156.0\include\jsoncons\basic_json.hpp(4127): warning C4800: 'std::size_t': forcing value to bool 'true' or 'false' (performance warning)
  c:\bootcampstuff\visit-case-s1b6\visitcase\jsoncons-0.156.0\include\jsoncons\json_type_traits.hpp(162): note: see reference to function template instantiation 'bool jsoncons::basic_json<char,jsoncons::sorted_policy,std::allocator<char>>::is_integer<std::T>(void) noexcept const' being compiled
          with
          [
              T=std::size_t
          ]
  c:\bootcampstuff\visit-case-s1b6\visitcase\jsoncons-0.156.0\include\jsoncons\json_type_traits.hpp(162): note: see reference to function template instantiation 'bool jsoncons::basic_json<char,jsoncons::sorted_policy,std::allocator<char>>::is_integer<std::T>(void) noexcept const' being compiled
          with
          [
              T=std::size_t
          ]
  c:\bootcampstuff\visit-case-s1b6\visitcase\jsoncons-0.156.0\include\jsoncons\json_type_traits.hpp(161): note: while compiling class template member function 'bool jsoncons::json_type_traits<jsoncons::basic_json<char,jsoncons::sorted_policy,std::allocator<char>>,std::size_t,void>::is(const Json &) noexcept'
          with
          [
              Json=jsoncons::basic_json<char,jsoncons::sorted_policy,std::allocator<char>>
          ]
  c:\bootcampstuff\visit-case-s1b6\visitcase\jsoncons-0.156.0\include\jsoncons\basic_json.hpp(3691): note: see reference to function template instantiation 'bool jsoncons::json_type_traits<jsoncons::basic_json<char,jsoncons::sorted_policy,std::allocator<char>>,std::size_t,void>::is(const Json &) noexcept' being compiled
          with
          [
              Json=jsoncons::basic_json<char,jsoncons::sorted_policy,std::allocator<char>>
          ]
  c:\bootcampstuff\visit-case-s1b6\visitcase\jsoncons-0.156.0\include\jsoncons_ext\jsonpath\json_query.hpp(321): note: see reference to class template instantiation 'jsoncons::json_type_traits<jsoncons::basic_json<char,jsoncons::sorted_policy,std::allocator<char>>,std::size_t,void>' being compiled
  c:\bootcampstuff\visit-case-s1b6\visitcase\jsoncons-0.156.0\include\jsoncons_ext\jsonpath\json_query.hpp(317): note: while compiling class template member function 'void jsoncons::jsonpath::detail::jsonpath_evaluator<Json,const Json &,jsoncons::jsonpath::detail::PathConstructor<Json>>::expr_selector::select(jsoncons::jsonpath::detail::jsonpath_resources<Json> &,const std::basic_string<char,std::char_traits<char>,std::allocator<char>> &,const jsoncons::basic_json<char,jsoncons::sorted_policy,std::allocator<char>> &,std::vector<jsoncons::jsonpath::detail::jsonpath_evaluator<Json,const Json &,jsoncons::jsonpath::detail::PathConstructor<Json>>::node_type,std::allocator<_Ty>> &)'
          with
          [
              Json=jsoncons::json,
              _Ty=jsoncons::jsonpath::detail::jsonpath_evaluator<jsoncons::json,const jsoncons::json &,jsoncons::jsonpath::detail::PathConstructor<jsoncons::json>>::node_type
          ]
  c:\program files (x86)\microsoft visual studio 14.0\vc\include\type_traits(348): note: see reference to class template instantiation 'jsoncons::jsonpath::detail::jsonpath_evaluator<Json,const Json &,jsoncons::jsonpath::detail::PathConstructor<Json>>::expr_selector' being compiled
          with
          [
              Json=jsoncons::json
          ]
  c:\program files (x86)\microsoft visual studio 14.0\vc\include\memory(1339): note: see reference to class template instantiation 'std::is_convertible<jsoncons::jsonpath::detail::jsonpath_evaluator<Json,const Json &,jsoncons::jsonpath::detail::PathConstructor<Json>>::expr_selector *,jsoncons::jsonpath::detail::jsonpath_evaluator<Json,const Json &,jsoncons::jsonpath::detail::PathConstructor<Json>>::selector_base *>' being compiled
          with
          [
              Json=jsoncons::json
          ]
  c:\bootcampstuff\visit-case-s1b6\visitcase\jsoncons-0.156.0\include\jsoncons_ext\jsonpath\json_query.hpp(642): note: while compiling class template member function 'void jsoncons::jsonpath::detail::jsonpath_evaluator<Json,const Json &,jsoncons::jsonpath::detail::PathConstructor<Json>>::evaluate(jsoncons::jsonpath::detail::jsonpath_resources<Json> &,const jsoncons::basic_json<char,jsoncons::sorted_policy,std::allocator<char>> &,const char *,std::size_t,std::error_code &)'
          with
          [
              Json=jsoncons::json
          ]
  c:\bootcampstuff\visit-case-s1b6\visitcase\jsoncons-0.156.0\include\jsoncons_ext\jsonpath\json_query.hpp(618): note: see reference to function template instantiation 'void jsoncons::jsonpath::detail::jsonpath_evaluator<Json,const Json &,jsoncons::jsonpath::detail::PathConstructor<Json>>::evaluate(jsoncons::jsonpath::detail::jsonpath_resources<Json> &,const jsoncons::basic_json<char,jsoncons::sorted_policy,std::allocator<char>> &,const char *,std::size_t,std::error_code &)' being compiled
          with
          [
              Json=jsoncons::json
          ]
  c:\bootcampstuff\visit-case-s1b6\visitcase\jsoncons-0.156.0\include\jsoncons_ext\jsonpath\json_query.hpp(126): note: see reference to class template instantiation 'jsoncons::jsonpath::detail::jsonpath_evaluator<Json,const Json &,jsoncons::jsonpath::detail::PathConstructor<Json>>' being compiled
          with
          [
              Json=jsoncons::json
          ]
  c:\bootcampstuff\visit-case-s1b6\visitcase\receiver\aggregations.cpp(105): note: see reference to function template instantiation 'Json jsoncons::jsonpath::json_query<jsoncons::json>(const Json &,const jsoncons::detail::basic_string_view<char,std::char_traits<char>> &,jsoncons::jsonpath::result_type)' being compiled
          with
          [
              Json=jsoncons::json
          ]
c:\program files (x86)\microsoft visual studio 14.0\vc\include\xtree(1655): warning C4503: '__LINE__Var': decorated name length exceeded, name was truncated
  c:\program files (x86)\microsoft visual studio 14.0\vc\include\xtree(1086): note: see reference to function template instantiation 'std::_Tree_iterator<std::_Tree_val<std::_Tree_simple_types<std::pair<const _Kty,_Ty>>>> std::_Tree<std::_Tmap_traits<_Kty,_Ty,_Pr,_Alloc,false>>::_Insert_hint<std::pair<const _Kty,_Ty>&,std::_Tree_node<std::pair<const _Kty,_Ty>,void *>*>(std::_Tree_const_iterator<std::_Tree_val<std::_Tree_simple_types<std::pair<const _Kty,_Ty>>>>,_Valty,_Nodety)' being compiled
          with
          [
              _Kty=jsoncons::detail::basic_string_view<char,std::char_traits<char>>,
              _Ty=std::function<jsoncons::json (const std::vector<std::vector<const jsoncons::basic_json<char,jsoncons::sorted_policy,std::allocator<char>> *,std::allocator<const jsoncons::basic_json<char,jsoncons::sorted_policy,std::allocator<char>> *>>,std::allocator<std::vector<const jsoncons::basic_json<char,jsoncons::sorted_policy,std::allocator<char>> *,std::allocator<const jsoncons::basic_json<char,jsoncons::sorted_policy,std::allocator<char>> *>>>> &,std::error_code &)>,
              _Pr=std::less<jsoncons::detail::basic_string_view<char,std::char_traits<char>>>,
              _Alloc=std::allocator<std::pair<const jsoncons::detail::basic_string_view<char,std::char_traits<char>>,std::function<jsoncons::json (const std::vector<std::vector<const jsoncons::basic_json<char,jsoncons::sorted_policy,std::allocator<char>> *,std::allocator<const jsoncons::basic_json<char,jsoncons::sorted_policy,std::allocator<char>> *>>,std::allocator<std::vector<const jsoncons::basic_json<char,jsoncons::sorted_policy,std::allocator<char>> *,std::allocator<const jsoncons::basic_json<char,jsoncons::sorted_policy,std::allocator<char>> *>>>> &,std::error_code &)>>>,
              _Valty=std::pair<const jsoncons::detail::basic_string_view<char,std::char_traits<char>>,std::function<jsoncons::json (const std::vector<std::vector<const jsoncons::basic_json<char,jsoncons::sorted_policy,std::allocator<char>> *,std::allocator<const jsoncons::basic_json<char,jsoncons::sorted_policy,std::allocator<char>> *>>,std::allocator<std::vector<const jsoncons::basic_json<char,jsoncons::sorted_policy,std::allocator<char>> *,std::allocator<const jsoncons::basic_json<char,jsoncons::sorted_policy,std::allocator<char>> *>>>> &,std::error_code &)>> &,
              _Nodety=std::_Tree_node<std::pair<const jsoncons::detail::basic_string_view<char,std::char_traits<char>>,std::function<jsoncons::json (const std::vector<std::vector<const jsoncons::basic_json<char,jsoncons::sorted_policy,std::allocator<char>> *,std::allocator<const jsoncons::basic_json<char,jsoncons::sorted_policy,std::allocator<char>> *>>,std::allocator<std::vector<const jsoncons::basic_json<char,jsoncons::sorted_policy,std::allocator<char>> *,std::allocator<const jsoncons::basic_json<char,jsoncons::sorted_policy,std::allocator<char>> *>>>> &,std::error_code &)>>,void *> *
          ]
  c:\program files (x86)\microsoft visual studio 14.0\vc\include\xtree(1085): note: see reference to function template instantiation 'std::_Tree_iterator<std::_Tree_val<std::_Tree_simple_types<std::pair<const _Kty,_Ty>>>> std::_Tree<std::_Tmap_traits<_Kty,_Ty,_Pr,_Alloc,false>>::_Insert_hint<std::pair<const _Kty,_Ty>&,std::_Tree_node<std::pair<const _Kty,_Ty>,void *>*>(std::_Tree_const_iterator<std::_Tree_val<std::_Tree_simple_types<std::pair<const _Kty,_Ty>>>>,_Valty,_Nodety)' being compiled
          with
          [
              _Kty=jsoncons::detail::basic_string_view<char,std::char_traits<char>>,
              _Ty=std::function<jsoncons::json (const std::vector<std::vector<const jsoncons::basic_json<char,jsoncons::sorted_policy,std::allocator<char>> *,std::allocator<const jsoncons::basic_json<char,jsoncons::sorted_policy,std::allocator<char>> *>>,std::allocator<std::vector<const jsoncons::basic_json<char,jsoncons::sorted_policy,std::allocator<char>> *,std::allocator<const jsoncons::basic_json<char,jsoncons::sorted_policy,std::allocator<char>> *>>>> &,std::error_code &)>,
              _Pr=std::less<jsoncons::detail::basic_string_view<char,std::char_traits<char>>>,
              _Alloc=std::allocator<std::pair<const jsoncons::detail::basic_string_view<char,std::char_traits<char>>,std::function<jsoncons::json (const std::vector<std::vector<const jsoncons::basic_json<char,jsoncons::sorted_policy,std::allocator<char>> *,std::allocator<const jsoncons::basic_json<char,jsoncons::sorted_policy,std::allocator<char>> *>>,std::allocator<std::vector<const jsoncons::basic_json<char,jsoncons::sorted_policy,std::allocator<char>> *,std::allocator<const jsoncons::basic_json<char,jsoncons::sorted_policy,std::allocator<char>> *>>>> &,std::error_code &)>>>,
              _Valty=std::pair<const jsoncons::detail::basic_string_view<char,std::char_traits<char>>,std::function<jsoncons::json (const std::vector<std::vector<const jsoncons::basic_json<char,jsoncons::sorted_policy,std::allocator<char>> *,std::allocator<const jsoncons::basic_json<char,jsoncons::sorted_policy,std::allocator<char>> *>>,std::allocator<std::vector<const jsoncons::basic_json<char,jsoncons::sorted_policy,std::allocator<char>> *,std::allocator<const jsoncons::basic_json<char,jsoncons::sorted_policy,std::allocator<char>> *>>>> &,std::error_code &)>> &,
              _Nodety=std::_Tree_node<std::pair<const jsoncons::detail::basic_string_view<char,std::char_traits<char>>,std::function<jsoncons::json (const std::vector<std::vector<const jsoncons::basic_json<char,jsoncons::sorted_policy,std::allocator<char>> *,std::allocator<const jsoncons::basic_json<char,jsoncons::sorted_policy,std::allocator<char>> *>>,std::allocator<std::vector<const jsoncons::basic_json<char,jsoncons::sorted_policy,std::allocator<char>> *,std::allocator<const jsoncons::basic_json<char,jsoncons::sorted_policy,std::allocator<char>> *>>>> &,std::error_code &)>>,void *> *
          ]
  c:\program files (x86)\microsoft visual studio 14.0\vc\include\xtree(1250): note: see reference to function template instantiation 'std::_Tree_iterator<std::_Tree_val<std::_Tree_simple_types<std::pair<const _Kty,_Ty>>>> std::_Tree<std::_Tmap_traits<_Kty,_Ty,_Pr,_Alloc,false>>::emplace_hint<const _Elem&>(std::_Tree_const_iterator<std::_Tree_val<std::_Tree_simple_types<std::pair<const _Kty,_Ty>>>>,const _Elem &)' being compiled
          with
          [
              _Kty=jsoncons::detail::basic_string_view<char,std::char_traits<char>>,
              _Ty=std::function<jsoncons::json (const std::vector<std::vector<const jsoncons::basic_json<char,jsoncons::sorted_policy,std::allocator<char>> *,std::allocator<const jsoncons::basic_json<char,jsoncons::sorted_policy,std::allocator<char>> *>>,std::allocator<std::vector<const jsoncons::basic_json<char,jsoncons::sorted_policy,std::allocator<char>> *,std::allocator<const jsoncons::basic_json<char,jsoncons::sorted_policy,std::allocator<char>> *>>>> &,std::error_code &)>,
              _Pr=std::less<jsoncons::detail::basic_string_view<char,std::char_traits<char>>>,
              _Alloc=std::allocator<std::pair<const jsoncons::detail::basic_string_view<char,std::char_traits<char>>,std::function<jsoncons::json (const std::vector<std::vector<const jsoncons::basic_json<char,jsoncons::sorted_policy,std::allocator<char>> *,std::allocator<const jsoncons::basic_json<char,jsoncons::sorted_policy,std::allocator<char>> *>>,std::allocator<std::vector<const jsoncons::basic_json<char,jsoncons::sorted_policy,std::allocator<char>> *,std::allocator<const jsoncons::basic_json<char,jsoncons::sorted_policy,std::allocator<char>> *>>>> &,std::error_code &)>>>,
              _Elem=std::pair<const jsoncons::detail::basic_string_view<char,std::char_traits<char>>,std::function<jsoncons::json (const std::vector<std::vector<const jsoncons::basic_json<char,jsoncons::sorted_policy,std::allocator<char>> *,std::allocator<const jsoncons::basic_json<char,jsoncons::sorted_policy,std::allocator<char>> *>>,std::allocator<std::vector<const jsoncons::basic_json<char,jsoncons::sorted_policy,std::allocator<char>> *,std::allocator<const jsoncons::basic_json<char,jsoncons::sorted_policy,std::allocator<char>> *>>>> &,std::error_code &)>>
          ]
  c:\program files (x86)\microsoft visual studio 14.0\vc\include\xtree(1250): note: see reference to function template instantiation 'std::_Tree_iterator<std::_Tree_val<std::_Tree_simple_types<std::pair<const _Kty,_Ty>>>> std::_Tree<std::_Tmap_traits<_Kty,_Ty,_Pr,_Alloc,false>>::emplace_hint<const _Elem&>(std::_Tree_const_iterator<std::_Tree_val<std::_Tree_simple_types<std::pair<const _Kty,_Ty>>>>,const _Elem &)' being compiled
          with
          [
              _Kty=jsoncons::detail::basic_string_view<char,std::char_traits<char>>,
              _Ty=std::function<jsoncons::json (const std::vector<std::vector<const jsoncons::basic_json<char,jsoncons::sorted_policy,std::allocator<char>> *,std::allocator<const jsoncons::basic_json<char,jsoncons::sorted_policy,std::allocator<char>> *>>,std::allocator<std::vector<const jsoncons::basic_json<char,jsoncons::sorted_policy,std::allocator<char>> *,std::allocator<const jsoncons::basic_json<char,jsoncons::sorted_policy,std::allocator<char>> *>>>> &,std::error_code &)>,
              _Pr=std::less<jsoncons::detail::basic_string_view<char,std::char_traits<char>>>,
              _Alloc=std::allocator<std::pair<const jsoncons::detail::basic_string_view<char,std::char_traits<char>>,std::function<jsoncons::json (const std::vector<std::vector<const jsoncons::basic_json<char,jsoncons::sorted_policy,std::allocator<char>> *,std::allocator<const jsoncons::basic_json<char,jsoncons::sorted_policy,std::allocator<char>> *>>,std::allocator<std::vector<const jsoncons::basic_json<char,jsoncons::sorted_policy,std::allocator<char>> *,std::allocator<const jsoncons::basic_json<char,jsoncons::sorted_policy,std::allocator<char>> *>>>> &,std::error_code &)>>>,
              _Elem=std::pair<const jsoncons::detail::basic_string_view<char,std::char_traits<char>>,std::function<jsoncons::json (const std::vector<std::vector<const jsoncons::basic_json<char,jsoncons::sorted_policy,std::allocator<char>> *,std::allocator<const jsoncons::basic_json<char,jsoncons::sorted_policy,std::allocator<char>> *>>,std::allocator<std::vector<const jsoncons::basic_json<char,jsoncons::sorted_policy,std::allocator<char>> *,std::allocator<const jsoncons::basic_json<char,jsoncons::sorted_policy,std::allocator<char>> *>>>> &,std::error_code &)>>
          ]
  c:\program files (x86)\microsoft visual studio 14.0\vc\include\xtree(1255): note: see reference to function template instantiation 'void std::_Tree<std::_Tmap_traits<_Kty,_Ty,_Pr,_Alloc,false>>::insert<const _Elem*>(_Iter,_Iter)' being compiled
          with
          [
              _Kty=jsoncons::detail::basic_string_view<char,std::char_traits<char>>,
              _Ty=std::function<jsoncons::json (const std::vector<std::vector<const jsoncons::basic_json<char,jsoncons::sorted_policy,std::allocator<char>> *,std::allocator<const jsoncons::basic_json<char,jsoncons::sorted_policy,std::allocator<char>> *>>,std::allocator<std::vector<const jsoncons::basic_json<char,jsoncons::sorted_policy,std::allocator<char>> *,std::allocator<const jsoncons::basic_json<char,jsoncons::sorted_policy,std::allocator<char>> *>>>> &,std::error_code &)>,
              _Pr=std::less<jsoncons::detail::basic_string_view<char,std::char_traits<char>>>,
              _Alloc=std::allocator<std::pair<const jsoncons::detail::basic_string_view<char,std::char_traits<char>>,std::function<jsoncons::json (const std::vector<std::vector<const jsoncons::basic_json<char,jsoncons::sorted_policy,std::allocator<char>> *,std::allocator<const jsoncons::basic_json<char,jsoncons::sorted_policy,std::allocator<char>> *>>,std::allocator<std::vector<const jsoncons::basic_json<char,jsoncons::sorted_policy,std::allocator<char>> *,std::allocator<const jsoncons::basic_json<char,jsoncons::sorted_policy,std::allocator<char>> *>>>> &,std::error_code &)>>>,
              _Elem=std::pair<const jsoncons::detail::basic_string_view<char,std::char_traits<char>>,std::function<jsoncons::json (const std::vector<std::vector<const jsoncons::basic_json<char,jsoncons::sorted_policy,std::allocator<char>> *,std::allocator<const jsoncons::basic_json<char,jsoncons::sorted_policy,std::allocator<char>> *>>,std::allocator<std::vector<const jsoncons::basic_json<char,jsoncons::sorted_policy,std::allocator<char>> *,std::allocator<const jsoncons::basic_json<char,jsoncons::sorted_policy,std::allocator<char>> *>>>> &,std::error_code &)>>,
              _Iter=const std::pair<const jsoncons::detail::basic_string_view<char,std::char_traits<char>>,std::function<jsoncons::json (const std::vector<std::vector<const jsoncons::basic_json<char,jsoncons::sorted_policy,std::allocator<char>> *,std::allocator<const jsoncons::basic_json<char,jsoncons::sorted_policy,std::allocator<char>> *>>,std::allocator<std::vector<const jsoncons::basic_json<char,jsoncons::sorted_policy,std::allocator<char>> *,std::allocator<const jsoncons::basic_json<char,jsoncons::sorted_policy,std::allocator<char>> *>>>> &,std::error_code &)>> *
          ]
  c:\program files (x86)\microsoft visual studio 14.0\vc\include\xtree(1255): note: see reference to function template instantiation 'void std::_Tree<std::_Tmap_traits<_Kty,_Ty,_Pr,_Alloc,false>>::insert<const _Elem*>(_Iter,_Iter)' being compiled
          with
          [
              _Kty=jsoncons::detail::basic_string_view<char,std::char_traits<char>>,
              _Ty=std::function<jsoncons::json (const std::vector<std::vector<const jsoncons::basic_json<char,jsoncons::sorted_policy,std::allocator<char>> *,std::allocator<const jsoncons::basic_json<char,jsoncons::sorted_policy,std::allocator<char>> *>>,std::allocator<std::vector<const jsoncons::basic_json<char,jsoncons::sorted_policy,std::allocator<char>> *,std::allocator<const jsoncons::basic_json<char,jsoncons::sorted_policy,std::allocator<char>> *>>>> &,std::error_code &)>,
              _Pr=std::less<jsoncons::detail::basic_string_view<char,std::char_traits<char>>>,
              _Alloc=std::allocator<std::pair<const jsoncons::detail::basic_string_view<char,std::char_traits<char>>,std::function<jsoncons::json (const std::vector<std::vector<const jsoncons::basic_json<char,jsoncons::sorted_policy,std::allocator<char>> *,std::allocator<const jsoncons::basic_json<char,jsoncons::sorted_policy,std::allocator<char>> *>>,std::allocator<std::vector<const jsoncons::basic_json<char,jsoncons::sorted_policy,std::allocator<char>> *,std::allocator<const jsoncons::basic_json<char,jsoncons::sorted_policy,std::allocator<char>> *>>>> &,std::error_code &)>>>,
              _Elem=std::pair<const jsoncons::detail::basic_string_view<char,std::char_traits<char>>,std::function<jsoncons::json (const std::vector<std::vector<const jsoncons::basic_json<char,jsoncons::sorted_policy,std::allocator<char>> *,std::allocator<const jsoncons::basic_json<char,jsoncons::sorted_policy,std::allocator<char>> *>>,std::allocator<std::vector<const jsoncons::basic_json<char,jsoncons::sorted_policy,std::allocator<char>> *,std::allocator<const jsoncons::basic_json<char,jsoncons::sorted_policy,std::allocator<char>> *>>>> &,std::error_code &)>>,
              _Iter=const std::pair<const jsoncons::detail::basic_string_view<char,std::char_traits<char>>,std::function<jsoncons::json (const std::vector<std::vector<const jsoncons::basic_json<char,jsoncons::sorted_policy,std::allocator<char>> *,std::allocator<const jsoncons::basic_json<char,jsoncons::sorted_policy,std::allocator<char>> *>>,std::allocator<std::vector<const jsoncons::basic_json<char,jsoncons::sorted_policy,std::allocator<char>> *,std::allocator<const jsoncons::basic_json<char,jsoncons::sorted_policy,std::allocator<char>> *>>>> &,std::error_code &)>> *
          ]
  c:\program files (x86)\microsoft visual studio 14.0\vc\include\xtree(1254): note: while compiling class template member function 'void std::_Tree<std::_Tmap_traits<_Kty,_Ty,_Pr,_Alloc,false>>::insert(std::initializer_list<std::pair<const _Kty,_Ty>>)'
          with
          [
              _Kty=jsoncons::detail::basic_string_view<char,std::char_traits<char>>,
              _Ty=std::function<jsoncons::json (const std::vector<std::vector<const jsoncons::basic_json<char,jsoncons::sorted_policy,std::allocator<char>> *,std::allocator<const jsoncons::basic_json<char,jsoncons::sorted_policy,std::allocator<char>> *>>,std::allocator<std::vector<const jsoncons::basic_json<char,jsoncons::sorted_policy,std::allocator<char>> *,std::allocator<const jsoncons::basic_json<char,jsoncons::sorted_policy,std::allocator<char>> *>>>> &,std::error_code &)>,
              _Pr=std::less<jsoncons::detail::basic_string_view<char,std::char_traits<char>>>,
              _Alloc=std::allocator<std::pair<const jsoncons::detail::basic_string_view<char,std::char_traits<char>>,std::function<jsoncons::json (const std::vector<std::vector<const jsoncons::basic_json<char,jsoncons::sorted_policy,std::allocator<char>> *,std::allocator<const jsoncons::basic_json<char,jsoncons::sorted_policy,std::allocator<char>> *>>,std::allocator<std::vector<const jsoncons::basic_json<char,jsoncons::sorted_policy,std::allocator<char>> *,std::allocator<const jsoncons::basic_json<char,jsoncons::sorted_policy,std::allocator<char>> *>>>> &,std::error_code &)>>>
          ]
  c:\program files (x86)\microsoft visual studio 14.0\vc\include\map(312): note: see reference to function template instantiation 'void std::_Tree<std::_Tmap_traits<_Kty,_Ty,_Pr,_Alloc,false>>::insert(std::initializer_list<std::pair<const _Kty,_Ty>>)' being compiled
          with
          [
              _Kty=jsoncons::detail::basic_string_view<char,std::char_traits<char>>,
              _Ty=std::function<jsoncons::json (const std::vector<std::vector<const jsoncons::basic_json<char,jsoncons::sorted_policy,std::allocator<char>> *,std::allocator<const jsoncons::basic_json<char,jsoncons::sorted_policy,std::allocator<char>> *>>,std::allocator<std::vector<const jsoncons::basic_json<char,jsoncons::sorted_policy,std::allocator<char>> *,std::allocator<const jsoncons::basic_json<char,jsoncons::sorted_policy,std::allocator<char>> *>>>> &,std::error_code &)>,
              _Pr=std::less<jsoncons::detail::basic_string_view<char,std::char_traits<char>>>,
              _Alloc=std::allocator<std::pair<const jsoncons::detail::basic_string_view<char,std::char_traits<char>>,std::function<jsoncons::json (const std::vector<std::vector<const jsoncons::basic_json<char,jsoncons::sorted_policy,std::allocator<char>> *,std::allocator<const jsoncons::basic_json<char,jsoncons::sorted_policy,std::allocator<char>> *>>,std::allocator<std::vector<const jsoncons::basic_json<char,jsoncons::sorted_policy,std::allocator<char>> *,std::allocator<const jsoncons::basic_json<char,jsoncons::sorted_policy,std::allocator<char>> *>>>> &,std::error_code &)>>>
          ]
  c:\program files (x86)\microsoft visual studio 14.0\vc\include\map(73): note: see reference to class template instantiation 'std::_Tree<std::_Tmap_traits<_Kty,_Ty,_Pr,_Alloc,false>>' being compiled
          with
          [
              _Kty=jsoncons::detail::basic_string_view<char,std::char_traits<char>>,
              _Ty=std::function<jsoncons::json (const std::vector<std::vector<const jsoncons::basic_json<char,jsoncons::sorted_policy,std::allocator<char>> *,std::allocator<const jsoncons::basic_json<char,jsoncons::sorted_policy,std::allocator<char>> *>>,std::allocator<std::vector<const jsoncons::basic_json<char,jsoncons::sorted_policy,std::allocator<char>> *,std::allocator<const jsoncons::basic_json<char,jsoncons::sorted_policy,std::allocator<char>> *>>>> &,std::error_code &)>,
              _Pr=std::less<jsoncons::detail::basic_string_view<char,std::char_traits<char>>>,
              _Alloc=std::allocator<std::pair<const jsoncons::detail::basic_string_view<char,std::char_traits<char>>,std::function<jsoncons::json (const std::vector<std::vector<const jsoncons::basic_json<char,jsoncons::sorted_policy,std::allocator<char>> *,std::allocator<const jsoncons::basic_json<char,jsoncons::sorted_policy,std::allocator<char>> *>>,std::allocator<std::vector<const jsoncons::basic_json<char,jsoncons::sorted_policy,std::allocator<char>> *,std::allocator<const jsoncons::basic_json<char,jsoncons::sorted_policy,std::allocator<char>> *>>>> &,std::error_code &)>>>
          ]
  c:\bootcampstuff\visit-case-s1b6\visitcase\jsoncons-0.156.0\include\jsoncons_ext\jsonpath\jsonpath_function.hpp(209): note: see reference to class template instantiation 'std::map<jsoncons::detail::basic_string_view<char,std::char_traits<char>>,std::function<Json (const std::vector<std::vector<const jsoncons::basic_json<char,jsoncons::sorted_policy,std::allocator<char>> *,std::allocator<_Ty>>,std::allocator<std::vector<_Ty,std::allocator<_Ty>>>> &,std::error_code &)>,std::less<_Kty>,std::allocator<std::pair<const _Kty,std::function<Json (const std::vector<std::vector<_Ty,std::allocator<_Ty>>,std::allocator<std::vector<_Ty,std::allocator<_Ty>>>> &,std::error_code &)>>>>' being compiled
          with
          [
              Json=jsoncons::json,
              _Ty=const jsoncons::basic_json<char,jsoncons::sorted_policy,std::allocator<char>> *,
              _Kty=jsoncons::detail::basic_string_view<char,std::char_traits<char>>
          ]
  c:\bootcampstuff\visit-case-s1b6\visitcase\jsoncons-0.156.0\include\jsoncons_ext\jsonpath\json_query.hpp(498): note: see reference to class template instantiation 'jsoncons::jsonpath::function_table<Json,const jsoncons::basic_json<char,jsoncons::sorted_policy,std::allocator<char>> *>' being compiled
          with
          [
              Json=jsoncons::json
          ]
  c:\bootcampstuff\visit-case-s1b6\visitcase\jsoncons-0.156.0\include\jsoncons_ext\jsonpath\json_query.hpp(119): note: see reference to class template instantiation 'jsoncons::jsonpath::detail::jsonpath_evaluator<Json,const Json &,jsoncons::jsonpath::detail::VoidPathConstructor<Json>>' being compiled
          with
          [
              Json=jsoncons::json
          ]
c:\bootcampstuff\visit-case-s1b6\visitcase\jsoncons-0.156.0\include\jsoncons\basic_json.hpp(4127): warning C4800: 'uint64_t': forcing value to bool 'true' or 'false' (performance warning)
  c:\bootcampstuff\visit-case-s1b6\visitcase\jsoncons-0.156.0\include\jsoncons\json_type_traits.hpp(162): note: see reference to function template instantiation 'bool jsoncons::basic_json<char,jsoncons::sorted_policy,std::allocator<char>>::is_integer<T>(void) noexcept const' being compiled
          with
          [
              T=uint64_t
          ]
  c:\bootcampstuff\visit-case-s1b6\visitcase\jsoncons-0.156.0\include\jsoncons\json_type_traits.hpp(162): note: see reference to function template instantiation 'bool jsoncons::basic_json<char,jsoncons::sorted_policy,std::allocator<char>>::is_integer<T>(void) noexcept const' being compiled
          with
          [
              T=uint64_t
          ]
  c:\bootcampstuff\visit-case-s1b6\visitcase\jsoncons-0.156.0\include\jsoncons\json_type_traits.hpp(161): note: while compiling class template member function 'bool jsoncons::json_type_traits<jsoncons::basic_json<char,jsoncons::sorted_policy,std::allocator<char>>,uint64_t,void>::is(const Json &) noexcept'
          with
          [
              Json=jsoncons::basic_json<char,jsoncons::sorted_policy,std::allocator<char>>
          ]
  c:\bootcampstuff\visit-case-s1b6\visitcase\jsoncons-0.156.0\include\jsoncons\basic_json.hpp(3691): note: see reference to function template instantiation 'bool jsoncons::json_type_traits<jsoncons::basic_json<char,jsoncons::sorted_policy,std::allocator<char>>,uint64_t,void>::is(const Json &) noexcept' being compiled
          with
          [
              Json=jsoncons::basic_json<char,jsoncons::sorted_policy,std::allocator<char>>
          ]
  c:\bootcampstuff\visit-case-s1b6\visitcase\jsoncons-0.156.0\include\jsoncons_ext\jsonpath\jsonpath_filter.hpp(656): note: see reference to class template instantiation 'jsoncons::json_type_traits<jsoncons::basic_json<char,jsoncons::sorted_policy,std::allocator<char>>,uint64_t,void>' being compiled
  c:\bootcampstuff\visit-case-s1b6\visitcase\jsoncons-0.156.0\include\jsoncons_ext\jsonpath\jsonpath_filter.hpp(648): note: while compiling class template member function 'jsoncons::json jsoncons::jsonpath::detail::cmp_minus<Json>::minus(const Json &,const Json &) const'
          with
          [
              Json=jsoncons::json
          ]
  c:\bootcampstuff\visit-case-s1b6\visitcase\jsoncons-0.156.0\include\jsoncons_ext\jsonpath\jsonpath_filter.hpp(694): note: see reference to function template instantiation 'jsoncons::json jsoncons::jsonpath::detail::cmp_minus<Json>::minus(const Json &,const Json &) const' being compiled
          with
          [
              Json=jsoncons::json
          ]
  c:\bootcampstuff\visit-case-s1b6\visitcase\jsoncons-0.156.0\include\jsoncons_ext\jsonpath\jsonpath_filter.hpp(840): note: see reference to class template instantiation 'jsoncons::jsonpath::detail::cmp_minus<Json>' being compiled
          with
          [
              Json=jsoncons::json
          ]
  c:\bootcampstuff\visit-case-s1b6\visitcase\jsoncons-0.156.0\include\jsoncons_ext\jsonpath\jsonpath_filter.hpp(832): note: while compiling class template member function 'jsoncons::jsonpath::detail::jsonpath_resources<Json>::jsonpath_resources(void)'
          with
          [
              Json=jsoncons::json
          ]
  c:\bootcampstuff\visit-case-s1b6\visitcase\jsoncons-0.156.0\include\jsoncons_ext\jsonpath\json_query.hpp(120): note: see reference to function template instantiation 'jsoncons::jsonpath::detail::jsonpath_resources<Json>::jsonpath_resources(void)' being compiled
          with
          [
              Json=jsoncons::json
          ]
  c:\bootcampstuff\visit-case-s1b6\visitcase\jsoncons-0.156.0\include\jsoncons_ext\jsonpath\json_query.hpp(120): note: see reference to class template instantiation 'jsoncons::jsonpath::detail::jsonpath_resources<Json>' being compiled
          with
          [
              Json=jsoncons::json
          ]
c:\bootcampstuff\visit-case-s1b6\visitcase\jsoncons-0.156.0\include\jsoncons\basic_json.hpp(4087): warning C4800: 'int64_t': forcing value to bool 'true' or 'false' (performance warning)
  c:\bootcampstuff\visit-case-s1b6\visitcase\jsoncons-0.156.0\include\jsoncons\json_type_traits.hpp(162): note: see reference to function template instantiation 'bool jsoncons::basic_json<char,jsoncons::sorted_policy,std::allocator<char>>::is_integer<T>(void) noexcept const' being compiled
          with
          [
              T=int64_t
          ]
  c:\bootcampstuff\visit-case-s1b6\visitcase\jsoncons-0.156.0\include\jsoncons\json_type_traits.hpp(162): note: see reference to function template instantiation 'bool jsoncons::basic_json<char,jsoncons::sorted_policy,std::allocator<char>>::is_integer<T>(void) noexcept const' being compiled
          with
          [
              T=int64_t
          ]
  c:\bootcampstuff\visit-case-s1b6\visitcase\jsoncons-0.156.0\include\jsoncons\json_type_traits.hpp(161): note: while compiling class template member function 'bool jsoncons::json_type_traits<jsoncons::basic_json<char,jsoncons::sorted_policy,std::allocator<char>>,int64_t,void>::is(const Json &) noexcept'
          with
          [
              Json=jsoncons::basic_json<char,jsoncons::sorted_policy,std::allocator<char>>
          ]
  c:\bootcampstuff\visit-case-s1b6\visitcase\jsoncons-0.156.0\include\jsoncons\basic_json.hpp(3691): note: see reference to function template instantiation 'bool jsoncons::json_type_traits<jsoncons::basic_json<char,jsoncons::sorted_policy,std::allocator<char>>,int64_t,void>::is(const Json &) noexcept' being compiled
          with
          [
              Json=jsoncons::basic_json<char,jsoncons::sorted_policy,std::allocator<char>>
          ]
  c:\bootcampstuff\visit-case-s1b6\visitcase\jsoncons-0.156.0\include\jsoncons_ext\jsonpath\jsonpath_filter.hpp(1045): note: see reference to class template instantiation 'jsoncons::json_type_traits<jsoncons::basic_json<char,jsoncons::sorted_policy,std::allocator<char>>,int64_t,void>' being compiled
  c:\bootcampstuff\visit-case-s1b6\visitcase\jsoncons-0.156.0\include\jsoncons_ext\jsonpath\jsonpath_filter.hpp(1228): note: see reference to function template instantiation 'Json jsoncons::jsonpath::detail::unary_minus<jsoncons::basic_json<char,jsoncons::sorted_policy,std::allocator<char>>>(const Json &)' being compiled
          with
          [
              Json=jsoncons::basic_json<char,jsoncons::sorted_policy,std::allocator<char>>
          ]
  c:\bootcampstuff\visit-case-s1b6\visitcase\jsoncons-0.156.0\include\jsoncons_ext\jsonpath\jsonpath_filter.hpp(1227): note: while compiling class template member function 'jsoncons::json jsoncons::jsonpath::detail::path_term<Json>::unary_minus(void) const'
          with
          [
              Json=jsoncons::json
          ]
  c:\bootcampstuff\visit-case-s1b6\visitcase\jsoncons-0.156.0\include\jsoncons_ext\jsonpath\jsonpath_filter.hpp(1243): note: see reference to class template instantiation 'jsoncons::jsonpath::detail::path_term<Json>' being compiled
          with
          [
              Json=jsoncons::json
          ]
  c:\bootcampstuff\visit-case-s1b6\visitcase\jsoncons-0.156.0\include\jsoncons_ext\jsonpath\jsonpath_filter.hpp(1769): note: see reference to class template instantiation 'jsoncons::jsonpath::detail::token<Json>' being compiled
          with
          [
              Json=jsoncons::json
          ]
  c:\bootcampstuff\visit-case-s1b6\visitcase\jsoncons-0.156.0\include\jsoncons_ext\jsonpath\jsonpath_filter.hpp(1735): note: while compiling class template member function 'jsoncons::jsonpath::detail::jsonpath_filter_expr<Json> jsoncons::jsonpath::detail::jsonpath_filter_parser<Json>::parse(jsoncons::jsonpath::detail::jsonpath_resources<Json> &,const Json &,const char *,const char *,const char **)'
          with
          [
              Json=jsoncons::json
          ]
  c:\bootcampstuff\visit-case-s1b6\visitcase\jsoncons-0.156.0\include\jsoncons_ext\jsonpath\json_query.hpp(1219): note: see reference to function template instantiation 'jsoncons::jsonpath::detail::jsonpath_filter_expr<Json> jsoncons::jsonpath::detail::jsonpath_filter_parser<Json>::parse(jsoncons::jsonpath::detail::jsonpath_resources<Json> &,const Json &,const char *,const char *,const char **)' being compiled
          with
          [
              Json=jsoncons::json
          ]
  c:\bootcampstuff\visit-case-s1b6\visitcase\jsoncons-0.156.0\include\jsoncons_ext\jsonpath\json_query.hpp(1218): note: see reference to class template instantiation 'jsoncons::jsonpath::detail::jsonpath_filter_parser<Json>' being compiled
          with
          [
              Json=jsoncons::json
          ]
c:\program files (x86)\microsoft visual studio 14.0\vc\include\xtree(1827): warning C4503: '__LINE__Var': decorated name length exceeded, name was truncated
  c:\program files (x86)\microsoft visual studio 14.0\vc\include\xtree(1668): note: see reference to function template instantiation 'std::_Tree_iterator<std::_Tree_val<std::_Tree_simple_types<std::pair<const _Kty,_Ty>>>> std::_Tree<std::_Tmap_traits<_Kty,_Ty,_Pr,_Alloc,false>>::_Insert_at<std::pair<const _Kty,_Ty>&,_Nodety>(bool,std::_Tree_node<std::pair<const _Kty,_Ty>,void *> *,_Valty,_Nodety)' being compiled
          with
          [
              _Kty=jsoncons::detail::basic_string_view<char,std::char_traits<char>>,
              _Ty=std::function<jsoncons::json (const std::vector<std::vector<const jsoncons::basic_json<char,jsoncons::sorted_policy,std::allocator<char>> *,std::allocator<const jsoncons::basic_json<char,jsoncons::sorted_policy,std::allocator<char>> *>>,std::allocator<std::vector<const jsoncons::basic_json<char,jsoncons::sorted_policy,std::allocator<char>> *,std::allocator<const jsoncons::basic_json<char,jsoncons::sorted_policy,std::allocator<char>> *>>>> &,std::error_code &)>,
              _Pr=std::less<jsoncons::detail::basic_string_view<char,std::char_traits<char>>>,
              _Alloc=std::allocator<std::pair<const jsoncons::detail::basic_string_view<char,std::char_traits<char>>,std::function<jsoncons::json (const std::vector<std::vector<const jsoncons::basic_json<char,jsoncons::sorted_policy,std::allocator<char>> *,std::allocator<const jsoncons::basic_json<char,jsoncons::sorted_policy,std::allocator<char>> *>>,std::allocator<std::vector<const jsoncons::basic_json<char,jsoncons::sorted_policy,std::allocator<char>> *,std::allocator<const jsoncons::basic_json<char,jsoncons::sorted_policy,std::allocator<char>> *>>>> &,std::error_code &)>>>,
              _Nodety=std::_Tree_node<std::pair<const jsoncons::detail::basic_string_view<char,std::char_traits<char>>,std::function<jsoncons::json (const std::vector<std::vector<const jsoncons::basic_json<char,jsoncons::sorted_policy,std::allocator<char>> *,std::allocator<const jsoncons::basic_json<char,jsoncons::sorted_policy,std::allocator<char>> *>>,std::allocator<std::vector<const jsoncons::basic_json<char,jsoncons::sorted_policy,std::allocator<char>> *,std::allocator<const jsoncons::basic_json<char,jsoncons::sorted_policy,std::allocator<char>> *>>>> &,std::error_code &)>>,void *> *,
              _Valty=std::pair<const jsoncons::detail::basic_string_view<char,std::char_traits<char>>,std::function<jsoncons::json (const std::vector<std::vector<const jsoncons::basic_json<char,jsoncons::sorted_policy,std::allocator<char>> *,std::allocator<const jsoncons::basic_json<char,jsoncons::sorted_policy,std::allocator<char>> *>>,std::allocator<std::vector<const jsoncons::basic_json<char,jsoncons::sorted_policy,std::allocator<char>> *,std::allocator<const jsoncons::basic_json<char,jsoncons::sorted_policy,std::allocator<char>> *>>>> &,std::error_code &)>> &
          ]
  c:\program files (x86)\microsoft visual studio 14.0\vc\include\xtree(1667): note: see reference to function template instantiation 'std::_Tree_iterator<std::_Tree_val<std::_Tree_simple_types<std::pair<const _Kty,_Ty>>>> std::_Tree<std::_Tmap_traits<_Kty,_Ty,_Pr,_Alloc,false>>::_Insert_at<std::pair<const _Kty,_Ty>&,_Nodety>(bool,std::_Tree_node<std::pair<const _Kty,_Ty>,void *> *,_Valty,_Nodety)' being compiled
          with
          [
              _Kty=jsoncons::detail::basic_string_view<char,std::char_traits<char>>,
              _Ty=std::function<jsoncons::json (const std::vector<std::vector<const jsoncons::basic_json<char,jsoncons::sorted_policy,std::allocator<char>> *,std::allocator<const jsoncons::basic_json<char,jsoncons::sorted_policy,std::allocator<char>> *>>,std::allocator<std::vector<const jsoncons::basic_json<char,jsoncons::sorted_policy,std::allocator<char>> *,std::allocator<const jsoncons::basic_json<char,jsoncons::sorted_policy,std::allocator<char>> *>>>> &,std::error_code &)>,
              _Pr=std::less<jsoncons::detail::basic_string_view<char,std::char_traits<char>>>,
              _Alloc=std::allocator<std::pair<const jsoncons::detail::basic_string_view<char,std::char_traits<char>>,std::function<jsoncons::json (const std::vector<std::vector<const jsoncons::basic_json<char,jsoncons::sorted_policy,std::allocator<char>> *,std::allocator<const jsoncons::basic_json<char,jsoncons::sorted_policy,std::allocator<char>> *>>,std::allocator<std::vector<const jsoncons::basic_json<char,jsoncons::sorted_policy,std::allocator<char>> *,std::allocator<const jsoncons::basic_json<char,jsoncons::sorted_policy,std::allocator<char>> *>>>> &,std::error_code &)>>>,
              _Nodety=std::_Tree_node<std::pair<const jsoncons::detail::basic_string_view<char,std::char_traits<char>>,std::function<jsoncons::json (const std::vector<std::vector<const jsoncons::basic_json<char,jsoncons::sorted_policy,std::allocator<char>> *,std::allocator<const jsoncons::basic_json<char,jsoncons::sorted_policy,std::allocator<char>> *>>,std::allocator<std::vector<const jsoncons::basic_json<char,jsoncons::sorted_policy,std::allocator<char>> *,std::allocator<const jsoncons::basic_json<char,jsoncons::sorted_policy,std::allocator<char>> *>>>> &,std::error_code &)>>,void *> *,
              _Valty=std::pair<const jsoncons::detail::basic_string_view<char,std::char_traits<char>>,std::function<jsoncons::json (const std::vector<std::vector<const jsoncons::basic_json<char,jsoncons::sorted_policy,std::allocator<char>> *,std::allocator<const jsoncons::basic_json<char,jsoncons::sorted_policy,std::allocator<char>> *>>,std::allocator<std::vector<const jsoncons::basic_json<char,jsoncons::sorted_policy,std::allocator<char>> *,std::allocator<const jsoncons::basic_json<char,jsoncons::sorted_policy,std::allocator<char>> *>>>> &,std::error_code &)>> &
          ]
  c:\program files (x86)\microsoft visual studio 14.0\vc\include\xtree(1086): note: see reference to function template instantiation 'std::_Tree_iterator<std::_Tree_val<std::_Tree_simple_types<std::pair<const _Kty,_Ty>>>> std::_Tree<std::_Tmap_traits<_Kty,_Ty,_Pr,_Alloc,false>>::_Insert_hint<std::pair<const _Kty,_Ty>&,std::_Tree_node<std::pair<const _Kty,_Ty>,void *>*>(std::_Tree_const_iterator<std::_Tree_val<std::_Tree_simple_types<std::pair<const _Kty,_Ty>>>>,_Valty,_Nodety)' being compiled
          with
          [
              _Kty=jsoncons::detail::basic_string_view<char,std::char_traits<char>>,
              _Ty=std::function<jsoncons::json (const std::vector<std::vector<const jsoncons::basic_json<char,jsoncons::sorted_policy,std::allocator<char>> *,std::allocator<const jsoncons::basic_json<char,jsoncons::sorted_policy,std::allocator<char>> *>>,std::allocator<std::vector<const jsoncons::basic_json<char,jsoncons::sorted_policy,std::allocator<char>> *,std::allocator<const jsoncons::basic_json<char,jsoncons::sorted_policy,std::allocator<char>> *>>>> &,std::error_code &)>,
              _Pr=std::less<jsoncons::detail::basic_string_view<char,std::char_traits<char>>>,
              _Alloc=std::allocator<std::pair<const jsoncons::detail::basic_string_view<char,std::char_traits<char>>,std::function<jsoncons::json (const std::vector<std::vector<const jsoncons::basic_json<char,jsoncons::sorted_policy,std::allocator<char>> *,std::allocator<const jsoncons::basic_json<char,jsoncons::sorted_policy,std::allocator<char>> *>>,std::allocator<std::vector<const jsoncons::basic_json<char,jsoncons::sorted_policy,std::allocator<char>> *,std::allocator<const jsoncons::basic_json<char,jsoncons::sorted_policy,std::allocator<char>> *>>>> &,std::error_code &)>>>,
              _Valty=std::pair<const jsoncons::detail::basic_string_view<char,std::char_traits<char>>,std::function<jsoncons::json (const std::vector<std::vector<const jsoncons::basic_json<char,jsoncons::sorted_policy,std::allocator<char>> *,std::allocator<const jsoncons::basic_json<char,jsoncons::sorted_policy,std::allocator<char>> *>>,std::allocator<std::vector<const jsoncons::basic_json<char,jsoncons::sorted_policy,std::allocator<char>> *,std::allocator<const jsoncons::basic_json<char,jsoncons::sorted_policy,std::allocator<char>> *>>>> &,std::error_code &)>> &,
              _Nodety=std::_Tree_node<std::pair<const jsoncons::detail::basic_string_view<char,std::char_traits<char>>,std::function<jsoncons::json (const std::vector<std::vector<const jsoncons::basic_json<char,jsoncons::sorted_policy,std::allocator<char>> *,std::allocator<const jsoncons::basic_json<char,jsoncons::sorted_policy,std::allocator<char>> *>>,std::allocator<std::vector<const jsoncons::basic_json<char,jsoncons::sorted_policy,std::allocator<char>> *,std::allocator<const jsoncons::basic_json<char,jsoncons::sorted_policy,std::allocator<char>> *>>>> &,std::error_code &)>>,void *> *
          ]
  c:\program files (x86)\microsoft visual studio 14.0\vc\include\xtree(1085): note: see reference to function template instantiation 'std::_Tree_iterator<std::_Tree_val<std::_Tree_simple_types<std::pair<const _Kty,_Ty>>>> std::_Tree<std::_Tmap_traits<_Kty,_Ty,_Pr,_Alloc,false>>::_Insert_hint<std::pair<const _Kty,_Ty>&,std::_Tree_node<std::pair<const _Kty,_Ty>,void *>*>(std::_Tree_const_iterator<std::_Tree_val<std::_Tree_simple_types<std::pair<const _Kty,_Ty>>>>,_Valty,_Nodety)' being compiled
          with
          [
              _Kty=jsoncons::detail::basic_string_view<char,std::char_traits<char>>,
              _Ty=std::function<jsoncons::json (const std::vector<std::vector<const jsoncons::basic_json<char,jsoncons::sorted_policy,std::allocator<char>> *,std::allocator<const jsoncons::basic_json<char,jsoncons::sorted_policy,std::allocator<char>> *>>,std::allocator<std::vector<const jsoncons::basic_json<char,jsoncons::sorted_policy,std::allocator<char>> *,std::allocator<const jsoncons::basic_json<char,jsoncons::sorted_policy,std::allocator<char>> *>>>> &,std::error_code &)>,
              _Pr=std::less<jsoncons::detail::basic_string_view<char,std::char_traits<char>>>,
              _Alloc=std::allocator<std::pair<const jsoncons::detail::basic_string_view<char,std::char_traits<char>>,std::function<jsoncons::json (const std::vector<std::vector<const jsoncons::basic_json<char,jsoncons::sorted_policy,std::allocator<char>> *,std::allocator<const jsoncons::basic_json<char,jsoncons::sorted_policy,std::allocator<char>> *>>,std::allocator<std::vector<const jsoncons::basic_json<char,jsoncons::sorted_policy,std::allocator<char>> *,std::allocator<const jsoncons::basic_json<char,jsoncons::sorted_policy,std::allocator<char>> *>>>> &,std::error_code &)>>>,
              _Valty=std::pair<const jsoncons::detail::basic_string_view<char,std::char_traits<char>>,std::function<jsoncons::json (const std::vector<std::vector<const jsoncons::basic_json<char,jsoncons::sorted_policy,std::allocator<char>> *,std::allocator<const jsoncons::basic_json<char,jsoncons::sorted_policy,std::allocator<char>> *>>,std::allocator<std::vector<const jsoncons::basic_json<char,jsoncons::sorted_policy,std::allocator<char>> *,std::allocator<const jsoncons::basic_json<char,jsoncons::sorted_policy,std::allocator<char>> *>>>> &,std::error_code &)>> &,
              _Nodety=std::_Tree_node<std::pair<const jsoncons::detail::basic_string_view<char,std::char_traits<char>>,std::function<jsoncons::json (const std::vector<std::vector<const jsoncons::basic_json<char,jsoncons::sorted_policy,std::allocator<char>> *,std::allocator<const jsoncons::basic_json<char,jsoncons::sorted_policy,std::allocator<char>> *>>,std::allocator<std::vector<const jsoncons::basic_json<char,jsoncons::sorted_policy,std::allocator<char>> *,std::allocator<const jsoncons::basic_json<char,jsoncons::sorted_policy,std::allocator<char>> *>>>> &,std::error_code &)>>,void *> *
          ]
c:\program files (x86)\microsoft visual studio 14.0\vc\include\xtree(1771): warning C4503: '__LINE__Var': decorated name length exceeded, name was truncated
  c:\program files (x86)\microsoft visual studio 14.0\vc\include\xtree(1764): note: see reference to function template instantiation 'std::pair<std::_Tree_iterator<std::_Tree_val<std::_Tree_simple_types<std::pair<const _Kty,_Ty>>>>,bool> std::_Tree<std::_Tmap_traits<_Kty,_Ty,_Pr,_Alloc,false>>::_Insert_nohint<std::pair<const _Kty,_Ty>&,_Nodety>(bool,_Valty,_Nodety)' being compiled
          with
          [
              _Kty=jsoncons::detail::basic_string_view<char,std::char_traits<char>>,
              _Ty=std::function<jsoncons::json (const std::vector<std::vector<const jsoncons::basic_json<char,jsoncons::sorted_policy,std::allocator<char>> *,std::allocator<const jsoncons::basic_json<char,jsoncons::sorted_policy,std::allocator<char>> *>>,std::allocator<std::vector<const jsoncons::basic_json<char,jsoncons::sorted_policy,std::allocator<char>> *,std::allocator<const jsoncons::basic_json<char,jsoncons::sorted_policy,std::allocator<char>> *>>>> &,std::error_code &)>,
              _Pr=std::less<jsoncons::detail::basic_string_view<char,std::char_traits<char>>>,
              _Alloc=std::allocator<std::pair<const jsoncons::detail::basic_string_view<char,std::char_traits<char>>,std::function<jsoncons::json (const std::vector<std::vector<const jsoncons::basic_json<char,jsoncons::sorted_policy,std::allocator<char>> *,std::allocator<const jsoncons::basic_json<char,jsoncons::sorted_policy,std::allocator<char>> *>>,std::allocator<std::vector<const jsoncons::basic_json<char,jsoncons::sorted_policy,std::allocator<char>> *,std::allocator<const jsoncons::basic_json<char,jsoncons::sorted_policy,std::allocator<char>> *>>>> &,std::error_code &)>>>,
              _Nodety=std::_Tree_node<std::pair<const jsoncons::detail::basic_string_view<char,std::char_traits<char>>,std::function<jsoncons::json (const std::vector<std::vector<const jsoncons::basic_json<char,jsoncons::sorted_policy,std::allocator<char>> *,std::allocator<const jsoncons::basic_json<char,jsoncons::sorted_policy,std::allocator<char>> *>>,std::allocator<std::vector<const jsoncons::basic_json<char,jsoncons::sorted_policy,std::allocator<char>> *,std::allocator<const jsoncons::basic_json<char,jsoncons::sorted_policy,std::allocator<char>> *>>>> &,std::error_code &)>>,void *> *,
              _Valty=std::pair<const jsoncons::detail::basic_string_view<char,std::char_traits<char>>,std::function<jsoncons::json (const std::vector<std::vector<const jsoncons::basic_json<char,jsoncons::sorted_policy,std::allocator<char>> *,std::allocator<const jsoncons::basic_json<char,jsoncons::sorted_policy,std::allocator<char>> *>>,std::allocator<std::vector<const jsoncons::basic_json<char,jsoncons::sorted_policy,std::allocator<char>> *,std::allocator<const jsoncons::basic_json<char,jsoncons::sorted_policy,std::allocator<char>> *>>>> &,std::error_code &)>> &
          ]
  c:\program files (x86)\microsoft visual studio 14.0\vc\include\xtree(1763): note: see reference to function template instantiation 'std::pair<std::_Tree_iterator<std::_Tree_val<std::_Tree_simple_types<std::pair<const _Kty,_Ty>>>>,bool> std::_Tree<std::_Tmap_traits<_Kty,_Ty,_Pr,_Alloc,false>>::_Insert_nohint<std::pair<const _Kty,_Ty>&,_Nodety>(bool,_Valty,_Nodety)' being compiled
          with
          [
              _Kty=jsoncons::detail::basic_string_view<char,std::char_traits<char>>,
              _Ty=std::function<jsoncons::json (const std::vector<std::vector<const jsoncons::basic_json<char,jsoncons::sorted_policy,std::allocator<char>> *,std::allocator<const jsoncons::basic_json<char,jsoncons::sorted_policy,std::allocator<char>> *>>,std::allocator<std::vector<const jsoncons::basic_json<char,jsoncons::sorted_policy,std::allocator<char>> *,std::allocator<const jsoncons::basic_json<char,jsoncons::sorted_policy,std::allocator<char>> *>>>> &,std::error_code &)>,
              _Pr=std::less<jsoncons::detail::basic_string_view<char,std::char_traits<char>>>,
              _Alloc=std::allocator<std::pair<const jsoncons::detail::basic_string_view<char,std::char_traits<char>>,std::function<jsoncons::json (const std::vector<std::vector<const jsoncons::basic_json<char,jsoncons::sorted_policy,std::allocator<char>> *,std::allocator<const jsoncons::basic_json<char,jsoncons::sorted_policy,std::allocator<char>> *>>,std::allocator<std::vector<const jsoncons::basic_json<char,jsoncons::sorted_policy,std::allocator<char>> *,std::allocator<const jsoncons::basic_json<char,jsoncons::sorted_policy,std::allocator<char>> *>>>> &,std::error_code &)>>>,
              _Nodety=std::_Tree_node<std::pair<const jsoncons::detail::basic_string_view<char,std::char_traits<char>>,std::function<jsoncons::json (const std::vector<std::vector<const jsoncons::basic_json<char,jsoncons::sorted_policy,std::allocator<char>> *,std::allocator<const jsoncons::basic_json<char,jsoncons::sorted_policy,std::allocator<char>> *>>,std::allocator<std::vector<const jsoncons::basic_json<char,jsoncons::sorted_policy,std::allocator<char>> *,std::allocator<const jsoncons::basic_json<char,jsoncons::sorted_policy,std::allocator<char>> *>>>> &,std::error_code &)>>,void *> *,
              _Valty=std::pair<const jsoncons::detail::basic_string_view<char,std::char_traits<char>>,std::function<jsoncons::json (const std::vector<std::vector<const jsoncons::basic_json<char,jsoncons::sorted_policy,std::allocator<char>> *,std::allocator<const jsoncons::basic_json<char,jsoncons::sorted_policy,std::allocator<char>> *>>,std::allocator<std::vector<const jsoncons::basic_json<char,jsoncons::sorted_policy,std::allocator<char>> *,std::allocator<const jsoncons::basic_json<char,jsoncons::sorted_policy,std::allocator<char>> *>>>> &,std::error_code &)>> &
          ]
c:\bootcampstuff\visit-case-s1b6\visitcase\receiver\aggregations.cpp(108): warning C4503: 'std::_Tree<std::_Tmap_traits<_Kty,_Ty,_Pr,_Alloc,false>>::_Insert_hint': decorated name length exceeded, name was truncated
          with
          [
              _Kty=jsoncons::detail::basic_string_view<char,std::char_traits<char>>,
              _Ty=std::function<jsoncons::json (const std::vector<std::vector<const jsoncons::basic_json<char,jsoncons::sorted_policy,std::allocator<char>> *,std::allocator<const jsoncons::basic_json<char,jsoncons::sorted_policy,std::allocator<char>> *>>,std::allocator<std::vector<const jsoncons::basic_json<char,jsoncons::sorted_policy,std::allocator<char>> *,std::allocator<const jsoncons::basic_json<char,jsoncons::sorted_policy,std::allocator<char>> *>>>> &,std::error_code &)>,
              _Pr=std::less<jsoncons::detail::basic_string_view<char,std::char_traits<char>>>,
              _Alloc=std::allocator<std::pair<const jsoncons::detail::basic_string_view<char,std::char_traits<char>>,std::function<jsoncons::json (const std::vector<std::vector<const jsoncons::basic_json<char,jsoncons::sorted_policy,std::allocator<char>> *,std::allocator<const jsoncons::basic_json<char,jsoncons::sorted_policy,std::allocator<char>> *>>,std::allocator<std::vector<const jsoncons::basic_json<char,jsoncons::sorted_policy,std::allocator<char>> *,std::allocator<const jsoncons::basic_json<char,jsoncons::sorted_policy,std::allocator<char>> *>>>> &,std::error_code &)>>>
          ]
c:\bootcampstuff\visit-case-s1b6\visitcase\receiver\aggregations.cpp(108): warning C4503: 'std::_Tree<std::_Tmap_traits<_Kty,_Ty,_Pr,_Alloc,false>>::_Insert_at': decorated name length exceeded, name was truncated
          with
          [
              _Kty=jsoncons::detail::basic_string_view<char,std::char_traits<char>>,
              _Ty=std::function<jsoncons::json (const std::vector<std::vector<const jsoncons::basic_json<char,jsoncons::sorted_policy,std::allocator<char>> *,std::allocator<const jsoncons::basic_json<char,jsoncons::sorted_policy,std::allocator<char>> *>>,std::allocator<std::vector<const jsoncons::basic_json<char,jsoncons::sorted_policy,std::allocator<char>> *,std::allocator<const jsoncons::basic_json<char,jsoncons::sorted_policy,std::allocator<char>> *>>>> &,std::error_code &)>,
              _Pr=std::less<jsoncons::detail::basic_string_view<char,std::char_traits<char>>>,
              _Alloc=std::allocator<std::pair<const jsoncons::detail::basic_string_view<char,std::char_traits<char>>,std::function<jsoncons::json (const std::vector<std::vector<const jsoncons::basic_json<char,jsoncons::sorted_policy,std::allocator<char>> *,std::allocator<const jsoncons::basic_json<char,jsoncons::sorted_policy,std::allocator<char>> *>>,std::allocator<std::vector<const jsoncons::basic_json<char,jsoncons::sorted_policy,std::allocator<char>> *,std::allocator<const jsoncons::basic_json<char,jsoncons::sorted_policy,std::allocator<char>> *>>>> &,std::error_code &)>>>
          ]
c:\bootcampstuff\visit-case-s1b6\visitcase\receiver\aggregations.cpp(108): warning C4503: 'std::_Tree<std::_Tmap_traits<_Kty,_Ty,_Pr,_Alloc,false>>::_Insert_nohint': decorated name length exceeded, name was truncated
          with
          [
              _Kty=jsoncons::detail::basic_string_view<char,std::char_traits<char>>,
              _Ty=std::function<jsoncons::json (const std::vector<std::vector<const jsoncons::basic_json<char,jsoncons::sorted_policy,std::allocator<char>> *,std::allocator<const jsoncons::basic_json<char,jsoncons::sorted_policy,std::allocator<char>> *>>,std::allocator<std::vector<const jsoncons::basic_json<char,jsoncons::sorted_policy,std::allocator<char>> *,std::allocator<const jsoncons::basic_json<char,jsoncons::sorted_policy,std::allocator<char>> *>>>> &,std::error_code &)>,
              _Pr=std::less<jsoncons::detail::basic_string_view<char,std::char_traits<char>>>,
              _Alloc=std::allocator<std::pair<const jsoncons::detail::basic_string_view<char,std::char_traits<char>>,std::function<jsoncons::json (const std::vector<std::vector<const jsoncons::basic_json<char,jsoncons::sorted_policy,std::allocator<char>> *,std::allocator<const jsoncons::basic_json<char,jsoncons::sorted_policy,std::allocator<char>> *>>,std::allocator<std::vector<const jsoncons::basic_json<char,jsoncons::sorted_policy,std::allocator<char>> *,std::allocator<const jsoncons::basic_json<char,jsoncons::sorted_policy,std::allocator<char>> *>>>> &,std::error_code &)>>>
          ]
  Generating Code...
  Receiver.vcxproj -> C:\BootcampStuff\visit-case-s1b6\visitCase\Debug\Receiver.exe
  Receiver.vcxproj -> C:\BootcampStuff\visit-case-s1b6\visitCase\Debug\Receiver.pdb (Partial PDB)
